<?xml version="1.0" encoding="UTF-8"?>
<!-- Generated by org.testng.reporters.JUnitReportReporter -->
<testsuite hostname="DESKTOP-MJ8NS57" failures="0" tests="1" name="TestCases.VeifyTitle_TC2" time="28.116" errors="0" timestamp="2022-03-16T11:53:46 PDT" skipped="0">
  <testcase classname="TestCases.VeifyTitle_TC2" name="validateTitle" time="28.116"/>
  <system-out/>
</testsuite> <!-- TestCases.VeifyTitle_TC2 -->
